\BOOKMARK [0][-]{Doc-Start}{\376\377\000I\000n\000t\000r\000o\000d\000u\000c\000t\000i\000o\000n\000\040\000G\000\351\000n\000\351\000r\000a\000l\000e}{}% 1
\BOOKMARK [0][-]{chapter.1}{\376\377\000P\000r\000\351\000s\000e\000n\000t\000a\000t\000i\000o\000n\000\040\000d\000u\000\040\000c\000a\000d\000r\000e\000\040\000d\000u\000\040\000p\000r\000o\000j\000e\000t}{}% 2
\BOOKMARK [1][-]{section.1.1}{\376\377\000I\000n\000t\000r\000o\000d\000u\000c\000t\000i\000o\000n}{chapter.1}% 3
\BOOKMARK [1][-]{section.1.2}{\376\377\000P\000r\000\351\000s\000e\000n\000t\000a\000t\000i\000o\000n\000\040\000d\000e\000\040\000l\000'\000o\000r\000g\000a\000n\000i\000s\000m\000e\000\040\000d\000'\000a\000c\000c\000u\000e\000i\000l}{chapter.1}% 4
\BOOKMARK [1][-]{section.1.3}{\376\377\000C\000o\000n\000t\000e\000x\000t\000e\000\040\000d\000u\000\040\000p\000r\000o\000j\000e\000t}{chapter.1}% 5
\BOOKMARK [1][-]{section.1.4}{\376\377\000P\000r\000o\000b\000l\000\351\000m\000a\000t\000i\000q\000u\000e}{chapter.1}% 6
\BOOKMARK [1][-]{section.1.5}{\376\377\000A\000n\000a\000l\000y\000s\000e\000\040\000d\000e\000\040\000l\040\031\000e\000x\000i\000s\000t\000a\000n\000t}{chapter.1}% 7
\BOOKMARK [2][-]{subsection.1.5.1}{\376\377\000\311\000t\000u\000d\000e\000\040\000d\000e\000\040\000l\000'\000e\000x\000i\000s\000t\000a\000n\000t}{section.1.5}% 8
\BOOKMARK [2][-]{subsection.1.5.2}{\376\377\000C\000r\000i\000t\000i\000q\000u\000e\000s\000\040\000d\000e\000\040\000l\000'\000e\000x\000i\000s\000t\000a\000n\000t}{section.1.5}% 9
\BOOKMARK [1][-]{section.1.6}{\376\377\000S\000o\000l\000u\000t\000i\000o\000n\000\040\000p\000r\000o\000p\000o\000s\000\351\000e}{chapter.1}% 10
\BOOKMARK [1][-]{section.1.7}{\376\377\000C\000o\000m\000p\000a\000r\000a\000i\000s\000o\000n\000\040\000a\000v\000e\000c\000\040\000l\000e\000s\000\040\000s\000o\000l\000u\000t\000i\000o\000n\000s\000\040\000e\000x\000i\000s\000t\000a\000n\000t\000e\000s}{chapter.1}% 11
\BOOKMARK [1][-]{section.1.8}{\376\377\000M\000\351\000t\000h\000o\000d\000o\000l\000o\000g\000i\000e\000\040\000d\000e\000\040\000t\000r\000a\000v\000a\000i\000l\000\040}{chapter.1}% 12
\BOOKMARK [2][-]{subsection.1.8.1}{\376\377\000L\000e\000s\000\040\000m\000\351\000t\000h\000o\000d\000o\000l\000o\000g\000i\000e\000s\000\040\000a\000g\000i\000l\000e\000s}{section.1.8}% 13
\BOOKMARK [2][-]{subsection.1.8.2}{\376\377\000L\000a\000\040\000m\000\351\000t\000h\000o\000d\000o\000l\000o\000g\000i\000e\000\040\000S\000C\000R\000U\000M}{section.1.8}% 14
\BOOKMARK [1][-]{section.1.9}{\376\377\000C\000o\000n\000c\000l\000u\000s\000i\000o\000n}{chapter.1}% 15
\BOOKMARK [0][-]{chapter.2}{\376\377\000S\000p\000\351\000c\000i\000f\000i\000c\000a\000t\000i\000o\000n\000\040\000d\000e\000s\000\040\000b\000e\000s\000o\000i\000n\000s}{}% 16
\BOOKMARK [1][-]{section.2.1}{\376\377\000I\000n\000t\000r\000o\000d\000u\000c\000t\000i\000o\000n}{chapter.2}% 17
\BOOKMARK [1][-]{section.2.2}{\376\377\000C\000a\000p\000t\000u\000r\000e\000\040\000d\000e\000s\000\040\000b\000e\000s\000o\000i\000n\000s}{chapter.2}% 18
\BOOKMARK [2][-]{subsection.2.2.1}{\376\377\000I\000d\000e\000n\000t\000i\000f\000i\000c\000a\000t\000i\000o\000n\000s\000\040\000d\000e\000s\000\040\000a\000c\000t\000e\000u\000r\000s}{section.2.2}% 19
\BOOKMARK [2][-]{subsection.2.2.2}{\376\377\000S\000p\000\351\000c\000i\000f\000i\000c\000a\000t\000i\000o\000n\000s\000\040\000d\000e\000s\000\040\000b\000e\000s\000o\000i\000n\000s\000\040\000f\000o\000n\000c\000t\000i\000o\000n\000n\000e\000l\000s}{section.2.2}% 20
\BOOKMARK [2][-]{subsection.2.2.3}{\376\377\000S\000p\000\351\000c\000i\000f\000i\000c\000a\000t\000i\000o\000n\000s\000\040\000d\000e\000s\000\040\000b\000e\000s\000o\000i\000n\000s\000\040\000n\000o\000n\000\040\000f\000o\000n\000c\000t\000i\000o\000n\000n\000e\000l\000s}{section.2.2}% 21
\BOOKMARK [1][-]{section.2.3}{\376\377\000M\000o\000d\000\351\000l\000i\000s\000a\000t\000i\000o\000n\000\040\000d\000e\000s\000\040\000b\000e\000s\000o\000i\000n\000s}{chapter.2}% 22
\BOOKMARK [1][-]{section.2.4}{\376\377\000P\000i\000l\000o\000t\000a\000g\000e\000\040\000d\000u\000\040\000p\000r\000o\000j\000e\000t\000\040\000a\000v\000e\000c\000\040\000S\000c\000r\000u\000m}{chapter.2}% 23
\BOOKMARK [2][-]{subsection.2.4.1}{\376\377\000\311\000q\000u\000i\000p\000e\000\040\000e\000t\000\040\000r\000\364\000l\000e}{section.2.4}% 24
\BOOKMARK [2][-]{subsection.2.4.2}{\376\377\000L\000e\000\040\000B\000a\000c\000k\000l\000o\000g\000\040\000d\000u\000\040\000p\000r\000o\000d\000u\000i\000t}{section.2.4}% 25
\BOOKMARK [2][-]{subsection.2.4.3}{\376\377\000P\000l\000a\000n\000i\000f\000i\000c\000a\000t\000i\000o\000n\000\040\000d\000e\000s\000\040\000s\000p\000r\000i\000n\000t\000s}{section.2.4}% 26
\BOOKMARK [1][-]{section.2.5}{\376\377\000C\000o\000n\000c\000l\000u\000s\000i\000o\000n}{chapter.2}% 27
\BOOKMARK [0][-]{chapter.3}{\376\377\000\040\000C\000o\000n\000c\000e\000p\000t\000i\000o\000n\000\040\000e\000t\000\040\000e\000n\000v\000i\000r\000o\000n\000n\000e\000m\000e\000n\000t\000\040\000T\000e\000c\000h\000n\000i\000q\000u\000e}{}% 28
\BOOKMARK [1][-]{section.3.1}{\376\377\000I\000n\000t\000r\000o\000d\000u\000c\000t\000i\000o\000n}{chapter.3}% 29
\BOOKMARK [1][-]{section.3.2}{\376\377\000E\000n\000v\000i\000r\000o\000n\000n\000e\000m\000e\000n\000t\000\040\000d\000e\000\040\000t\000r\000a\000v\000a\000i\000l}{chapter.3}% 30
\BOOKMARK [2][-]{subsection.3.2.1}{\376\377\000O\000u\000t\000i\000l\000s\000\040\000d\000e\000\040\000d\000\351\000v\000e\000l\000o\000p\000p\000e\000m\000e\000n\000t\000\040\000e\000t\000\040\000m\000o\000d\000\351\000l\000i\000s\000a\000t\000i\000o\000n}{section.3.2}% 31
\BOOKMARK [2][-]{subsection.3.2.2}{\376\377\000L\000a\000n\000g\000a\000g\000e\000s\000\040\000d\000e\000\040\000p\000r\000o\000g\000r\000a\000m\000m\000a\000t\000i\000o\000n}{section.3.2}% 32
\BOOKMARK [2][-]{subsection.3.2.3}{\376\377\000F\000r\000a\000m\000e\000w\000o\000r\000k\000\040\000e\000t\000\040\000t\000e\000c\000h\000n\000o\000l\000o\000g\000i\000e\000s\000\040\000u\000t\000i\000l\000i\000s\000\351}{section.3.2}% 33
\BOOKMARK [2][-]{subsection.3.2.4}{\376\377\000B\000a\000s\000e\000\040\000d\000e\000\040\000d\000o\000n\000n\000\351\000e\000s}{section.3.2}% 34
\BOOKMARK [1][-]{section.3.3}{\376\377\000A\000r\000c\000h\000i\000t\000e\000c\000t\000u\000r\000e\000\040\000g\000\351\000n\000\351\000r\000a\000l\000e\000\040\000d\000e\000\040\000l\000'\000a\000p\000p\000l\000i\000c\000a\000t\000i\000o\000n}{chapter.3}% 35
\BOOKMARK [1][-]{section.3.4}{\376\377\000C\000o\000n\000c\000e\000p\000t\000i\000o\000n\000\040\000t\000e\000c\000h\000n\000i\000q\000u\000e\000\040\000e\000t\000\040\000m\000o\000d\000\351\000l\000i\000s\000a\000t\000i\000o\000n\000\040\000m\000u\000l\000t\000i\000d\000i\000m\000e\000n\000s\000i\000o\000n\000n\000e\000l\000l\000e}{chapter.3}% 36
\BOOKMARK [2][-]{subsection.3.4.1}{\376\377\000D\000i\000a\000g\000r\000a\000m\000m\000e\000\040\000d\000e\000\040\000c\000l\000a\000s\000s\000e\000s}{section.3.4}% 37
\BOOKMARK [2][-]{subsection.3.4.2}{\376\377\000M\000o\000d\000\351\000l\000i\000s\000a\000t\000i\000o\000n\000\040\000d\000\351\000c\000i\000s\000i\000o\000n\000n\000e\000l\000l\000e}{section.3.4}% 38
\BOOKMARK [1][-]{section.3.5}{\376\377\000C\000o\000n\000c\000e\000p\000t\000i\000o\000n\000\040\000d\000e\000\040\000l\040\031\000i\000n\000t\000e\000r\000f\000a\000c\000e\000\040\000d\000e\000s\000\040\000u\000t\000i\000l\000i\000s\000a\000t\000e\000u\000r\000s\000\040}{chapter.3}% 39
\BOOKMARK [2][-]{subsection.3.5.1}{\376\377\000C\000o\000n\000c\000e\000p\000t\000i\000o\000n\000\040\000U\000I\000/\000U\000X}{section.3.5}% 40
\BOOKMARK [2][-]{subsection.3.5.2}{\376\377\000M\000a\000q\000u\000e\000t\000t\000a\000g\000e\000\040\000d\000e\000\040\000l\040\031\000i\000n\000t\000e\000r\000f\000a\000c\000e}{section.3.5}% 41
\BOOKMARK [1][-]{section.3.6}{\376\377\000C\000o\000n\000c\000l\000u\000s\000i\000o\000n}{chapter.3}% 42
\BOOKMARK [0][-]{chapter.4}{\376\377\000R\000e\000l\000e\000a\000s\000e\000\040\0001\000:\000"\000A\000u\000t\000h\000e\000n\000t\000i\000f\000i\000c\000a\000t\000i\000o\000n\000\040\000e\000t\000\040\000g\000e\000s\000t\000i\000o\000n\000\040\000d\000e\000s\000\040\000u\000t\000i\000l\000i\000s\000a\000t\000e\000u\000r\000s\000"\000\040}{}% 43
\BOOKMARK [1][-]{section.4.1}{\376\377\000I\000n\000t\000r\000o\000d\000u\000c\000t\000i\000o\000n}{chapter.4}% 44
\BOOKMARK [1][-]{section.4.2}{\376\377\000S\000p\000r\000i\000n\000t\000\040\0001\000:\000\040\000\253\000A\000u\000t\000h\000e\000n\000t\000i\000f\000i\000c\000a\000t\000i\000o\000n\000\273}{chapter.4}% 45
\BOOKMARK [2][-]{subsection.4.2.1}{\376\377\000L\000e\000\040\000b\000a\000c\000k\000l\000o\000g\000\040\000d\000u\000\040\000s\000p\000r\000i\000n\000t\000\040\0001}{section.4.2}% 46
\BOOKMARK [2][-]{subsection.4.2.2}{\376\377\000A\000n\000a\000l\000y\000s\000e}{section.4.2}% 47
\BOOKMARK [2][-]{subsection.4.2.3}{\376\377\000C\000o\000n\000c\000e\000p\000t\000i\000o\000n}{section.4.2}% 48
\BOOKMARK [2][-]{subsection.4.2.4}{\376\377\000R\000\351\000a\000l\000i\000s\000a\000t\000i\000o\000n}{section.4.2}% 49
\BOOKMARK [1][-]{section.4.3}{\376\377\000S\000p\000r\000i\000n\000t\000\040\0002\000:\000\040\000\253\000G\000e\000s\000t\000i\000o\000n\000\040\000d\000e\000s\000\040\000u\000t\000i\000l\000i\000s\000a\000t\000e\000u\000r\000s\000\273}{chapter.4}% 50
\BOOKMARK [2][-]{subsection.4.3.1}{\376\377\000L\000e\000\040\000b\000a\000c\000k\000l\000o\000g\000\040\000d\000u\000\040\000s\000p\000r\000i\000n\000t\000\040\0002}{section.4.3}% 51
\BOOKMARK [2][-]{subsection.4.3.2}{\376\377\000A\000n\000a\000l\000y\000s\000e}{section.4.3}% 52
